\BOOKMARK [0][-]{chapter.1}{\376\377\000\332\000v\000o\000d}{}% 1
\BOOKMARK [1][-]{section.1.1}{\376\377\000Z\000\341\000k\000l\000a\000d\000n\000\351\000\040\000p\000o\000j\000m\000y}{chapter.1}% 2
\BOOKMARK [1][-]{section.1.2}{\376\377\000E\000x\000i\000s\000t\000u\000j\000\372\000c\000e\000\040\000a\000p\000l\000i\000k\000\341\000c\000i\000e}{chapter.1}% 3
\BOOKMARK [1][-]{section.1.3}{\376\377\000P\000o\001\176\000a\000d\000o\000v\000a\000n\000\351\000\040\000f\000u\000n\000k\000c\000i\000e}{chapter.1}% 4
\BOOKMARK [1][-]{section.1.4}{\376\377\000C\000i\000e\000l\000e\000\040\000p\000r\000\341\000c\000e}{chapter.1}% 5
\BOOKMARK [0][-]{chapter.2}{\376\377\000U\000S\000B}{}% 6
\BOOKMARK [1][-]{section.2.1}{\376\377\000K\000o\000m\000u\000n\000i\000k\000\341\000c\000i\000a}{chapter.2}% 7
\BOOKMARK [1][-]{section.2.2}{\376\377\000K\000o\000n\000f\000i\000g\000u\000r\000\341\000c\000i\000a}{chapter.2}% 8
\BOOKMARK [1][-]{section.2.3}{\376\377\000U\000S\000B\000\040\000D\000e\000s\000c\000r\000i\000p\000t\000o\000r\000y}{chapter.2}% 9
\BOOKMARK [1][-]{section.2.4}{\376\377\000W\000i\000n\000d\000o\000w\000s}{chapter.2}% 10
\BOOKMARK [0][-]{chapter.3}{\376\377\000A\000n\000a\000l\000\375\000z\000a}{}% 11
\BOOKMARK [1][-]{section.3.1}{\376\377\000Z\000\355\000s\000k\000a\000n\000i\000e\000\040\000U\000S\000B\000\040\000p\000a\000c\000k\000e\000t\000o\000v}{chapter.3}% 12
\BOOKMARK [1][-]{section.3.2}{\376\377\000S\000\351\000m\000a\000n\000t\000i\000c\000k\000\341\000\040\000a\000n\000a\000l\000\375\000z\000a\000\040\000d\000\341\000t}{chapter.3}% 13
\BOOKMARK [1][-]{section.3.3}{\376\377\000V\000o\001\076\000b\000a\000\040\000f\000r\000a\000m\000e\000w\000o\000r\000k\000u}{chapter.3}% 14
\BOOKMARK [1][-]{section.3.4}{\376\377\000S\000p\000r\000a\000c\000o\000v\000\341\000v\000a\000n\000i\000e\000\040\000p\000c\000a\000p\000\040\000s\000\372\000b\000o\000r\000o\000v}{chapter.3}% 15
\BOOKMARK [1][-]{section.3.5}{\376\377\000U\000c\000h\000o\000v\000\341\000v\000a\000n\000i\000e\000\040\000i\000n\000f\000o\000r\000m\000\341\000c\000i\000\355}{chapter.3}% 16
\BOOKMARK [1][-]{section.3.6}{\376\377\000S\000p\000r\000a\000c\000o\000v\000\341\000v\000a\000n\000i\000e\000\040\000l\000i\000v\000e\000\040\000c\000a\000p\000t\000u\000r\000e}{chapter.3}% 17
\BOOKMARK [1][-]{section.3.7}{\376\377\000Z\000o\000b\000r\000a\000z\000e\000n\000i\000e\000\040\000z\000\341\000k\000l\000a\000d\000n\000\375\000c\000h\000\040\000i\000n\000f\000o\000r\000m\000\341\000c\000i\000\355}{chapter.3}% 18
\BOOKMARK [1][-]{section.3.8}{\376\377\000H\000e\000x\000d\000u\000m\000p}{chapter.3}% 19
\BOOKMARK [1][-]{section.3.9}{\376\377\000Z\000o\000b\000r\000a\000z\000e\000n\000i\000e\000\040\000s\000\351\000m\000a\000n\000t\000i\000c\000k\000\351\000h\000o\000\040\000v\000\375\000z\000n\000a\000m\000u\000\040\000d\000\341\000t}{chapter.3}% 20
\BOOKMARK [0][-]{chapter.4}{\376\377\000V\000\375\000v\000o\000j\000o\000v\000\341\000\040\000d\000o\000k\000u\000m\000e\000n\000t\000\341\000c\000i\000a}{}% 21
\BOOKMARK [1][-]{section.4.1}{\376\377\000K\000o\000m\000p\000i\000l\000\341\000c\000i\000a}{chapter.4}% 22
\BOOKMARK [2][-]{subsection.4.1.1}{\376\377\000I\000n\001\141\000t\000a\000l\000\341\000c\000i\000a\000\040\000Q\000t}{section.4.1}% 23
\BOOKMARK [2][-]{subsection.4.1.2}{\376\377\000V\000i\000s\000u\000a\000l\000\040\000S\000t\000u\000d\000i\000o\000\040\0002\0000\0001\0009\000\040\000a\000\040\000Q\000t}{section.4.1}% 24
\BOOKMARK [2][-]{subsection.4.1.3}{\376\377\000W\000a\000r\000n\000i\000n\000g\000y\000\040\000p\000r\000i\000\040\000k\000o\000m\000p\000i\000l\000\341\000c\000i\000i}{section.4.1}% 25
\BOOKMARK [1][-]{section.4.2}{\376\377\000A\000r\000c\000h\000i\000t\000e\000k\000t\000\372\000r\000a\000\040\000a\000p\000l\000i\000k\000\341\000c\000i\000e}{chapter.4}% 26
\BOOKMARK [1][-]{section.4.3}{\376\377\000U\000S\000B\000\137\000P\000a\000c\000k\000e\000t\000\137\000A\000n\000a\000l\000y\000z\000e\000r}{chapter.4}% 27
\BOOKMARK [2][-]{subsection.4.3.1}{\376\377\000U\001\176\000\355\000v\000a\000t\000e\001\076\000s\000k\000\341\000\040\000i\000n\000t\000e\000r\000a\000k\000c\000i\000a}{section.4.3}% 28
\BOOKMARK [2][-]{subsection.4.3.2}{\376\377\000I\000t\000e\000m\000M\000a\000n\000a\000g\000e\000r}{section.4.3}% 29
\BOOKMARK [1][-]{section.4.4}{\376\377\000D\000a\000t\000a\000V\000i\000e\000w\000e\000r}{chapter.4}% 30
\BOOKMARK [2][-]{subsection.4.4.1}{\376\377\000M\000o\000d\000e\000l}{section.4.4}% 31
\BOOKMARK [2][-]{subsection.4.4.2}{\376\377\000D\000e\000l\000e\000g\000\341\000t}{section.4.4}% 32
\BOOKMARK [2][-]{subsection.4.4.3}{\376\377\000H\000e\000x\000d\000u\000m\000p}{section.4.4}% 33
\BOOKMARK [2][-]{subsection.4.4.4}{\376\377\000H\000e\000x\000d\000u\000m\000p\000\040\000d\000e\000l\000e\000g\000\341\000t}{section.4.4}% 34
\BOOKMARK [2][-]{subsection.4.4.5}{\376\377\000T\000r\000e\000e\000I\000t\000e\000m}{section.4.4}% 35
\BOOKMARK [2][-]{subsection.4.4.6}{\376\377\000T\000r\000e\000e\000I\000t\000e\000m\000B\000a\000s\000e\000M\000o\000d\000e\000l}{section.4.4}% 36
\BOOKMARK [2][-]{subsection.4.4.7}{\376\377\000C\000o\000l\000o\000r\000M\000a\000p\000M\000o\000d\000e\000l}{section.4.4}% 37
\BOOKMARK [2][-]{subsection.4.4.8}{\376\377\000U\000S\000B\000P\000C\000a\000p\000H\000e\000a\000d\000e\000r\000M\000o\000d\000e\000l}{section.4.4}% 38
\BOOKMARK [2][-]{subsection.4.4.9}{\376\377\000A\000d\000d\000i\000t\000i\000o\000n\000a\000l\000D\000a\000t\000a\000M\000o\000d\000e\000l}{section.4.4}% 39
\BOOKMARK [2][-]{subsection.4.4.10}{\376\377\000B\000a\000s\000e\000I\000n\000t\000e\000r\000p\000r\000e\000t\000e\000r}{section.4.4}% 40
\BOOKMARK [2][-]{subsection.4.4.11}{\376\377\000I\000n\000t\000e\000r\000p\000r\000e\000t\000F\000a\000c\000t\000o\000r\000y}{section.4.4}% 41
\BOOKMARK [1][-]{section.4.5}{\376\377\000H\000I\000D\000D\000e\000v\000i\000c\000e\000s}{chapter.4}% 42
\BOOKMARK [1][-]{section.4.6}{\376\377\000D\000a\000t\000a\000H\000o\000l\000d\000e\000r}{chapter.4}% 43
\BOOKMARK [1][-]{section.4.7}{\376\377\000P\000a\000c\000k\000e\000t\000E\000x\000t\000e\000r\000S\000t\000r\000u\000c\000t\000s\000.\000h\000p\000p}{chapter.4}% 44
\BOOKMARK [2][-]{subsection.4.7.1}{\376\377\000E\000x\000t\000e\000r\000n\000S\000t\000r\000u\000c\000t\000s}{section.4.7}% 45
\BOOKMARK [0][-]{chapter.5}{\376\377\000M\000o\001\176\000n\000o\000s\000t\000i\000\040\000r\000o\000z\001\141\000\355\000r\000e\000n\000i\000a}{}% 46
\BOOKMARK [1][-]{section.5.1}{\376\377\000U\000k\000l\000a\000d\000a\000n\000i\000e\000\040\000v\000\375\000s\000t\000u\000p\000u\000\040\000d\000o\000\040\000s\000\372\000b\000o\000r\000u}{chapter.5}% 47
\BOOKMARK [1][-]{section.5.2}{\376\377\000I\000n\000\341\000\040\000v\000i\000z\000u\000\341\000l\000n\000a\000\040\000r\000e\000p\000r\000e\000z\000e\000n\000t\000\341\000c\000i\000a\000\040\000d\000\341\000t}{chapter.5}% 48
\BOOKMARK [1][-]{section.5.3}{\376\377\000P\000r\000i\000d\000\341\000v\000a\000n\000i\000e\000\040\000n\000o\000v\000\375\000c\000h\000\040\000I\000n\000t\000e\000r\000p\000r\000e\000t\000e\000r\000o\000v\000\040\000p\000r\000e\000\040\000d\000e\000s\000c\000r\000i\000p\000t\000o\000r\000y}{chapter.5}% 49
\BOOKMARK [1][-]{section.5.4}{\376\377\000P\000r\000i\000d\000a\000n\000i\000e\000\040\000I\000n\000t\000e\000p\000r\000e\000t\000e\000r\000u\000\040\000p\000r\000e\000\040\000I\000n\000t\000e\000r\000r\000u\000p\000t\000\040\000T\000r\000a\000n\000s\000f\000e\000r}{chapter.5}% 50
\BOOKMARK [1][-]{section.5.5}{\376\377\000P\000r\000i\000d\000a\000n\000i\000e\000\040\000a\000n\000a\000l\000\375\000z\000y\000\040\000p\000r\000e\000\040\000I\000s\000o\000c\000h\000r\000o\000n\000o\000u\000s\000\040\000a\000\040\000B\000u\000l\000k\000\040\000T\000r\000a\000n\000s\000f\000e\000r}{chapter.5}% 51
\BOOKMARK [1][-]{section.5.6}{\376\377\000M\000o\001\176\000n\000o\000s\001\145\000\040\000r\000o\000z\001\141\000\355\000r\000e\000n\000i\000a\000\040\000n\000a\000\040\000i\000n\000\351\000\040\000p\000l\000a\000t\000f\000o\000r\000m\000y}{chapter.5}% 52
\BOOKMARK [0][-]{chapter.6}{\376\377\000U\001\176\000\355\000v\000a\000t\000e\001\076\000s\000k\000\341\000\040\000d\000o\000k\000u\000m\000e\000n\000t\000\341\000c\000i\000a}{}% 53
\BOOKMARK [1][-]{section.6.1}{\376\377\000I\000n\001\141\000t\000a\000l\000\341\000c\000i\000a}{chapter.6}% 54
\BOOKMARK [1][-]{section.6.2}{\376\377\000O\000r\000i\000e\000n\000t\000\341\000c\000i\000a\000\040\000v\000\040\000G\000U\000I\000\040\000a\000p\000l\000i\000k\000\341\000c\000i\000e}{chapter.6}% 55
\BOOKMARK [1][-]{section.6.3}{\376\377\000P\000o\000u\001\176\000\355\000v\000a\000n\000i\000e\000\040\000a\000p\000l\000i\000k\000\341\000c\000i\000e}{chapter.6}% 56
\BOOKMARK [0][-]{chapter.7}{\376\377\000Z\000\341\000v\000e\000r}{}% 57
\BOOKMARK [1][-]{section.7.1}{\376\377\000Z\000h\000r\000n\000u\000t\000i\000e}{chapter.7}% 58
\BOOKMARK [1][-]{section.7.2}{\376\377\000B\000u\000d\000\372\000c\000e\000\040\000p\000l\000\341\000n\000y}{chapter.7}% 59
\BOOKMARK [0][-]{chapter*.123}{\376\377\000Z\000o\000z\000n\000a\000m\000\040\000p\000o\000u\001\176\000i\000t\000e\000j\000\040\000l\000i\000t\000e\000r\000a\000t\000\372\000r\000y}{}% 60
\BOOKMARK [0][-]{chapter*.124}{\376\377\000Z\000o\000z\000n\000a\000m\000\040\000o\000b\000r\000\341\000z\000k\000o\000v}{}% 61
\BOOKMARK [0][-]{chapter*.125}{\376\377\000Z\000o\000z\000n\000a\000m\000\040\000t\000a\000b\000u\000l\000i\000e\000k}{}% 62
\BOOKMARK [0][-]{chapter*.126}{\376\377\000S\000e\000z\000n\000a\000m\000\040\000p\000o\000u\001\176\000i\000t\000\375\000c\000h\000\040\000z\000k\000r\000a\000t\000e\000k}{}% 63
\BOOKMARK [0][-]{appendix*.127}{\376\377\000P\000r\000\355\000l\000o\000h\000y}{}% 64
\BOOKMARK [1][-]{section.Alph0.1}{\376\377\000P\000r\000v\000n\000\355\000\040\000p\001\131\000\355\000l\000o\000h\000a}{appendix*.127}% 65
